<?xml version="1.0" encoding="UTF-8"?>
<testng-results ignored="0" total="2" passed="2" failed="0" skipped="0">
  <reporter-output>
  </reporter-output>
  <suite started-at="2023-12-01T20:03:19 EST" name="Default suite" finished-at="2023-12-01T20:03:35 EST" duration-ms="16057">
    <groups>
    </groups>
    <test started-at="2023-12-01T20:03:19 EST" name="Default test" finished-at="2023-12-01T20:03:35 EST" duration-ms="16057">
      <class name="com.src.ITclass.NewTest">
        <test-method is-config="true" signature="beforeTest()[pri:0, instance:com.src.ITclass.NewTest@ffaa6af]" started-at="2023-12-01T20:03:19 EST" name="beforeTest" finished-at="2023-12-01T20:03:30 EST" duration-ms="10690" status="PASS">
          <reporter-output>
          </reporter-output>
        </test-method> <!-- beforeTest -->
        <test-method signature="Test1()[pri:0, instance:com.src.ITclass.NewTest@ffaa6af]" started-at="2023-12-01T20:03:30 EST" name="Test1" finished-at="2023-12-01T20:03:30 EST" duration-ms="11" status="PASS">
          <reporter-output>
          </reporter-output>
        </test-method> <!-- Test1 -->
        <test-method signature="Test2()[pri:0, instance:com.src.ITclass.NewTest@ffaa6af]" started-at="2023-12-01T20:03:30 EST" name="Test2" finished-at="2023-12-01T20:03:30 EST" duration-ms="1" status="PASS">
          <reporter-output>
          </reporter-output>
        </test-method> <!-- Test2 -->
        <test-method is-config="true" signature="afterTest()[pri:0, instance:com.src.ITclass.NewTest@ffaa6af]" started-at="2023-12-01T20:03:30 EST" name="afterTest" finished-at="2023-12-01T20:03:35 EST" duration-ms="5288" status="PASS">
          <reporter-output>
          </reporter-output>
        </test-method> <!-- afterTest -->
      </class> <!-- com.src.ITclass.NewTest -->
    </test> <!-- Default test -->
  </suite> <!-- Default suite -->
</testng-results>
